d:\master\programming_security_measures\minios\kernel\kernel\x64\release\vc143.pdb
d:\master\programming_security_measures\minios\kernel\kernel\x64\release\string.obj
d:\master\programming_security_measures\minios\kernel\kernel\x64\release\screen.obj
d:\master\programming_security_measures\minios\kernel\kernel\x64\release\ps2.obj
d:\master\programming_security_measures\minios\kernel\kernel\x64\release\pit.obj
d:\master\programming_security_measures\minios\kernel\kernel\x64\release\pic.obj
d:\master\programming_security_measures\minios\kernel\kernel\x64\release\main.obj
d:\master\programming_security_measures\minios\kernel\kernel\x64\release\logging.obj
d:\master\programming_security_measures\minios\kernel\kernel\x64\release\commands.obj
d:\master\programming_security_measures\minios\kernel\kernel\x64\release\cmos.obj
d:\master\programming_security_measures\minios\kernel\kernel\x64\release\ata.obj
d:\master\programming_security_measures\minios\kernel\kernel\x64\release\__init.obj
d:\master\programming_security_measures\minios\kernel\kernel\x64\release\__interrupts.obj
d:\master\programming_security_measures\minios\kernel\x64\release\kernel.exe
d:\master\programming_security_measures\minios\kernel\kernel\x64\release\kernel.tlog\cl.command.1.tlog
d:\master\programming_security_measures\minios\kernel\kernel\x64\release\kernel.tlog\cl.items.tlog
d:\master\programming_security_measures\minios\kernel\kernel\x64\release\kernel.tlog\cl.read.1.tlog
d:\master\programming_security_measures\minios\kernel\kernel\x64\release\kernel.tlog\cl.write.1.tlog
d:\master\programming_security_measures\minios\kernel\kernel\x64\release\kernel.tlog\custombuild.command.1.tlog
d:\master\programming_security_measures\minios\kernel\kernel\x64\release\kernel.tlog\custombuild.read.1.tlog
d:\master\programming_security_measures\minios\kernel\kernel\x64\release\kernel.tlog\custombuild.write.1.tlog
d:\master\programming_security_measures\minios\kernel\kernel\x64\release\kernel.tlog\link.command.1.tlog
d:\master\programming_security_measures\minios\kernel\kernel\x64\release\kernel.tlog\link.read.1.tlog
d:\master\programming_security_measures\minios\kernel\kernel\x64\release\kernel.tlog\link.secondary.1.tlog
d:\master\programming_security_measures\minios\kernel\kernel\x64\release\kernel.tlog\link.write.1.tlog
